0 info it worked if it ends with ok
1 verbose cli [ '/home/brian/.nvm/versions/node/v6.9.2/bin/node',
1 verbose cli   '/home/brian/.nvm/versions/node/v6.9.2/bin/npm',
1 verbose cli   'start' ]
2 info using npm@3.10.9
3 info using node@v6.9.2
4 verbose run-script [ 'prestart', 'start', 'poststart' ]
5 info lifecycle cs546@1.0.0~prestart: cs546@1.0.0
6 silly lifecycle cs546@1.0.0~prestart: no script for prestart, continuing
7 info lifecycle cs546@1.0.0~start: cs546@1.0.0
8 verbose lifecycle cs546@1.0.0~start: unsafe-perm in lifecycle true
9 verbose lifecycle cs546@1.0.0~start: PATH: /home/brian/.nvm/versions/node/v6.9.2/lib/node_modules/npm/bin/node-gyp-bin:/mnt/c/Users/lenovo/Documents/cgomez/cs546/cs546/node_modules/.bin:/home/brian/.nvm/versions/node/v6.9.2/bin:/usr/local/bin:/usr/bin:/bin:/usr/local/games:/usr/games
10 verbose lifecycle cs546@1.0.0~start: CWD: /mnt/c/Users/lenovo/Documents/cgomez/cs546/cs546
11 silly lifecycle cs546@1.0.0~start: Args: [ '-c', 'node app.js' ]
12 silly lifecycle cs546@1.0.0~start: Returned: code: 1  signal: null
13 info lifecycle cs546@1.0.0~start: Failed to exec start script
14 verbose stack Error: cs546@1.0.0 start: `node app.js`
14 verbose stack Exit status 1
14 verbose stack     at EventEmitter.<anonymous> (/home/brian/.nvm/versions/node/v6.9.2/lib/node_modules/npm/lib/utils/lifecycle.js:255:16)
14 verbose stack     at emitTwo (events.js:106:13)
14 verbose stack     at EventEmitter.emit (events.js:191:7)
14 verbose stack     at ChildProcess.<anonymous> (/home/brian/.nvm/versions/node/v6.9.2/lib/node_modules/npm/lib/utils/spawn.js:40:14)
14 verbose stack     at emitTwo (events.js:106:13)
14 verbose stack     at ChildProcess.emit (events.js:191:7)
14 verbose stack     at maybeClose (internal/child_process.js:877:16)
14 verbose stack     at Process.ChildProcess._handle.onexit (internal/child_process.js:226:5)
15 verbose pkgid cs546@1.0.0
16 verbose cwd /mnt/c/Users/lenovo/Documents/cgomez/cs546/cs546
17 error Linux 3.4.0+
18 error argv "/home/brian/.nvm/versions/node/v6.9.2/bin/node" "/home/brian/.nvm/versions/node/v6.9.2/bin/npm" "start"
19 error node v6.9.2
20 error npm  v3.10.9
21 error code ELIFECYCLE
22 error cs546@1.0.0 start: `node app.js`
22 error Exit status 1
23 error Failed at the cs546@1.0.0 start script 'node app.js'.
23 error Make sure you have the latest version of node.js and npm installed.
23 error If you do, this is most likely a problem with the cs546 package,
23 error not with npm itself.
23 error Tell the author that this fails on your system:
23 error     node app.js
23 error You can get information on how to open an issue for this project with:
23 error     npm bugs cs546
23 error Or if that isn't available, you can get their info via:
23 error     npm owner ls cs546
23 error There is likely additional logging output above.
24 verbose exit [ 1, true ]
